<?xml version="1.0" encoding="UTF-8"?>
<!-- Generated by org.testng.reporters.JUnitReportReporter -->
<testsuite skipped="0" hostname="DESKTOP-I3O6NU7" name="Logintestcase" tests="2" failures="0" timestamp="14 May 2019 04:03:37 GMT" time="29.673" errors="0">
  <testcase name="launch_browser" time="10.288" classname="Logintestcase"/>
  <testcase name="launch_app" time="19.385" classname="Logintestcase"/>
</testsuite> <!-- Logintestcase -->
