<?xml version="1.0" encoding="UTF-8"?>
<!-- Generated by org.testng.reporters.JUnitReportReporter -->
<testsuite skipped="0" hostname="DESKTOP-I3O6NU7" name="prioritization" tests="4" failures="0" timestamp="14 May 2019 04:03:37 GMT" time="0.039" errors="0">
  <testcase name="loginWithInvalidcredentials" time="0.031" classname="prioritization"/>
  <testcase name="loginWithvalidcredentials" time="0.000" classname="prioritization"/>
  <testcase name="browserLaunch" time="0.004" classname="prioritization"/>
  <testcase name="applicationLaunch" time="0.004" classname="prioritization"/>
</testsuite> <!-- prioritization -->
