<?xml version="1.0" encoding="UTF-8"?>
<!-- Generated by org.testng.reporters.JUnitReportReporter -->
<testsuite skipped="0" hostname="DESKTOP-I3O6NU7" name="Logintestcase" tests="2" failures="0" timestamp="29 May 2019 04:45:46 GMT" time="19.369" errors="0">
  <testcase name="launch_browser" time="12.713" classname="Logintestcase"/>
  <testcase name="launch_app" time="6.656" classname="Logintestcase"/>
</testsuite> <!-- Logintestcase -->
