<?xml version="1.0" encoding="UTF-8"?>
<!-- Generated by org.testng.reporters.JUnitReportReporter -->
<testsuite skipped="0" hostname="DESKTOP-I3O6NU7" name="prioritization" tests="4" failures="0" timestamp="29 May 2019 04:45:46 GMT" time="0.007" errors="0">
  <testcase name="loginWithInvalidcredentials" time="0.003" classname="prioritization"/>
  <testcase name="loginWithvalidcredentials" time="0.001" classname="prioritization"/>
  <testcase name="browserLaunch" time="0.002" classname="prioritization"/>
  <testcase name="applicationLaunch" time="0.001" classname="prioritization"/>
</testsuite> <!-- prioritization -->
